==288== Memcheck, a memory error detector
==288== Copyright (C) 2002-2017, and GNU GPL'd, by Julian Seward et al.
==288== Using Valgrind-3.18.1 and LibVEX; rerun with -h for copyright info
==288== Command: /tmp/tmp8sod9cts/student/zaj8i9UniqueObjectList_and_parser/build//bin/unit_tests
==288== 
Running main() from /tmp/tmp8sod9cts/student/zaj8i9UniqueObjectList_and_parser/unitTests/lib/googletest/src/gtest_main.cc
[==========] Running 15 tests from 1 test suite.
[----------] Global test environment set-up.
[----------] 15 tests from ObjectListTester
[ RUN      ] ObjectListTester.constructionWithDefaultConstructor_expectedAllElementsAreZero
[       OK ] ObjectListTester.constructionWithDefaultConstructor_expectedAllElementsAreZero (18 ms)
[ RUN      ] ObjectListTester.pushFrontOfElements_expectedSizeIncreases
[       OK ] ObjectListTester.pushFrontOfElements_expectedSizeIncreases (32 ms)
[ RUN      ] ObjectListTester.pushFrontOfDuplicatedElements_expectedSizeIncreasesOnlyWhenUniqueElementAdded
[       OK ] ObjectListTester.pushFrontOfDuplicatedElements_expectedSizeIncreasesOnlyWhenUniqueElementAdded (11 ms)
[ RUN      ] ObjectListTester.popFrontOfElements_expectedSizeDecreases
[       OK ] ObjectListTester.popFrontOfElements_expectedSizeDecreases (6 ms)
[ RUN      ] ObjectListTester.frontOfLists_expectedCorrectFirstElementReturned
[       OK ] ObjectListTester.frontOfLists_expectedCorrectFirstElementReturned (22 ms)
[ RUN      ] ObjectListTester.clear_expectedAllElementsRemoved
[       OK ] ObjectListTester.clear_expectedAllElementsRemoved (8 ms)
[ RUN      ] ObjectListTester.reverse_expectedAllElementsReversed
[       OK ] ObjectListTester.reverse_expectedAllElementsReversed (9 ms)
[ RUN      ] ObjectListTester.iteratorMethodsSyntaxCorrect_expectedChecksPasses
[       OK ] ObjectListTester.iteratorMethodsSyntaxCorrect_expectedChecksPasses (3 ms)
[ RUN      ] ObjectListTester.loopingWithIterators_expectedSuccess
[       OK ] ObjectListTester.loopingWithIterators_expectedSuccess (7 ms)
[ RUN      ] ObjectListTester.eraseAfterMiddleElement_expectedMiddleElementErased
[       OK ] ObjectListTester.eraseAfterMiddleElement_expectedMiddleElementErased (18 ms)
[ RUN      ] ObjectListTester.eraseMiddleElement_expectedMiddleElementErased
[       OK ] ObjectListTester.eraseMiddleElement_expectedMiddleElementErased (17 ms)
[ RUN      ] ObjectListTester.copyConstructorImplemented_expected2ListsWithTheSameElementsInTheSameOrder
[       OK ] ObjectListTester.copyConstructorImplemented_expected2ListsWithTheSameElementsInTheSameOrder (9 ms)
[ RUN      ] ObjectListTester.moveConstructorImplemented_expectedAllElementsMovedToOrderContainer
[       OK ] ObjectListTester.moveConstructorImplemented_expectedAllElementsMovedToOrderContainer (6 ms)
[ RUN      ] ObjectListTester.assignmentOperatorCopying_expectedNewValues
[       OK ] ObjectListTester.assignmentOperatorCopying_expectedNewValues (22 ms)
[ RUN      ] ObjectListTester.assignmentOperatorMoving_expectedAllElementsMoved
[       OK ] ObjectListTester.assignmentOperatorMoving_expectedAllElementsMoved (13 ms)
[----------] 15 tests from ObjectListTester (220 ms total)

[----------] Global test environment tear-down
[==========] 15 tests from 1 test suite ran. (275 ms total)
[  PASSED  ] 15 tests.
==288== 
==288== HEAP SUMMARY:
==288==     in use at exit: 6,281 bytes in 160 blocks
==288==   total heap usage: 981 allocs, 821 frees, 156,981 bytes allocated
==288== 
==288== 120 bytes in 3 blocks are definitely lost in loss record 1 of 17
==288==    at 0x4849013: operator new(unsigned long) (in /usr/libexec/valgrind/vgpreload_memcheck-amd64-linux.so)
==288==    by 0x11AA1A: ObjectListTester_assignmentOperatorCopying_expectedNewValues_Test::TestBody() (in /tmp/tmp8sod9cts/student/zaj8i9UniqueObjectList_and_parser/build/bin/unit_tests)
==288==    by 0x169D3C: void testing::internal::HandleSehExceptionsInMethodIfSupported<testing::Test, void>(testing::Test*, void (testing::Test::*)(), char const*) (in /tmp/tmp8sod9cts/student/zaj8i9UniqueObjectList_and_parser/build/bin/unit_tests)
==288==    by 0x162120: void testing::internal::HandleExceptionsInMethodIfSupported<testing::Test, void>(testing::Test*, void (testing::Test::*)(), char const*) (in /tmp/tmp8sod9cts/student/zaj8i9UniqueObjectList_and_parser/build/bin/unit_tests)
==288==    by 0x13CDE5: testing::Test::Run() (in /tmp/tmp8sod9cts/student/zaj8i9UniqueObjectList_and_parser/build/bin/unit_tests)
==288==    by 0x13D900: testing::TestInfo::Run() (in /tmp/tmp8sod9cts/student/zaj8i9UniqueObjectList_and_parser/build/bin/unit_tests)
==288==    by 0x13E23E: testing::TestSuite::Run() (in /tmp/tmp8sod9cts/student/zaj8i9UniqueObjectList_and_parser/build/bin/unit_tests)
==288==    by 0x14E5EE: testing::internal::UnitTestImpl::RunAllTests() (in /tmp/tmp8sod9cts/student/zaj8i9UniqueObjectList_and_parser/build/bin/unit_tests)
==288==    by 0x16ADE3: bool testing::internal::HandleSehExceptionsInMethodIfSupported<testing::internal::UnitTestImpl, bool>(testing::internal::UnitTestImpl*, bool (testing::internal::UnitTestImpl::*)(), char const*) (in /tmp/tmp8sod9cts/student/zaj8i9UniqueObjectList_and_parser/build/bin/unit_tests)
==288==    by 0x163340: bool testing::internal::HandleExceptionsInMethodIfSupported<testing::internal::UnitTestImpl, bool>(testing::internal::UnitTestImpl*, bool (testing::internal::UnitTestImpl::*)(), char const*) (in /tmp/tmp8sod9cts/student/zaj8i9UniqueObjectList_and_parser/build/bin/unit_tests)
==288==    by 0x14CC10: testing::UnitTest::Run() (in /tmp/tmp8sod9cts/student/zaj8i9UniqueObjectList_and_parser/build/bin/unit_tests)
==288==    by 0x17EE9C: RUN_ALL_TESTS() (in /tmp/tmp8sod9cts/student/zaj8i9UniqueObjectList_and_parser/build/bin/unit_tests)
==288== 
==288== 400 bytes in 10 blocks are definitely lost in loss record 3 of 17
==288==    at 0x4849013: operator new(unsigned long) (in /usr/libexec/valgrind/vgpreload_memcheck-amd64-linux.so)
==288==    by 0x1153E7: ObjectListTester_pushFrontOfElements_expectedSizeIncreases_Test::TestBody() (in /tmp/tmp8sod9cts/student/zaj8i9UniqueObjectList_and_parser/build/bin/unit_tests)
==288==    by 0x169D3C: void testing::internal::HandleSehExceptionsInMethodIfSupported<testing::Test, void>(testing::Test*, void (testing::Test::*)(), char const*) (in /tmp/tmp8sod9cts/student/zaj8i9UniqueObjectList_and_parser/build/bin/unit_tests)
==288==    by 0x162120: void testing::internal::HandleExceptionsInMethodIfSupported<testing::Test, void>(testing::Test*, void (testing::Test::*)(), char const*) (in /tmp/tmp8sod9cts/student/zaj8i9UniqueObjectList_and_parser/build/bin/unit_tests)
==288==    by 0x13CDE5: testing::Test::Run() (in /tmp/tmp8sod9cts/student/zaj8i9UniqueObjectList_and_parser/build/bin/unit_tests)
==288==    by 0x13D900: testing::TestInfo::Run() (in /tmp/tmp8sod9cts/student/zaj8i9UniqueObjectList_and_parser/build/bin/unit_tests)
==288==    by 0x13E23E: testing::TestSuite::Run() (in /tmp/tmp8sod9cts/student/zaj8i9UniqueObjectList_and_parser/build/bin/unit_tests)
==288==    by 0x14E5EE: testing::internal::UnitTestImpl::RunAllTests() (in /tmp/tmp8sod9cts/student/zaj8i9UniqueObjectList_and_parser/build/bin/unit_tests)
==288==    by 0x16ADE3: bool testing::internal::HandleSehExceptionsInMethodIfSupported<testing::internal::UnitTestImpl, bool>(testing::internal::UnitTestImpl*, bool (testing::internal::UnitTestImpl::*)(), char const*) (in /tmp/tmp8sod9cts/student/zaj8i9UniqueObjectList_and_parser/build/bin/unit_tests)
==288==    by 0x163340: bool testing::internal::HandleExceptionsInMethodIfSupported<testing::internal::UnitTestImpl, bool>(testing::internal::UnitTestImpl*, bool (testing::internal::UnitTestImpl::*)(), char const*) (in /tmp/tmp8sod9cts/student/zaj8i9UniqueObjectList_and_parser/build/bin/unit_tests)
==288==    by 0x14CC10: testing::UnitTest::Run() (in /tmp/tmp8sod9cts/student/zaj8i9UniqueObjectList_and_parser/build/bin/unit_tests)
==288==    by 0x17EE9C: RUN_ALL_TESTS() (in /tmp/tmp8sod9cts/student/zaj8i9UniqueObjectList_and_parser/build/bin/unit_tests)
==288== 
==288== 400 bytes in 10 blocks are definitely lost in loss record 4 of 17
==288==    at 0x4849013: operator new(unsigned long) (in /usr/libexec/valgrind/vgpreload_memcheck-amd64-linux.so)
==288==    by 0x1158AB: ObjectListTester_pushFrontOfDuplicatedElements_expectedSizeIncreasesOnlyWhenUniqueElementAdded_Test::TestBody() (in /tmp/tmp8sod9cts/student/zaj8i9UniqueObjectList_and_parser/build/bin/unit_tests)
==288==    by 0x169D3C: void testing::internal::HandleSehExceptionsInMethodIfSupported<testing::Test, void>(testing::Test*, void (testing::Test::*)(), char const*) (in /tmp/tmp8sod9cts/student/zaj8i9UniqueObjectList_and_parser/build/bin/unit_tests)
==288==    by 0x162120: void testing::internal::HandleExceptionsInMethodIfSupported<testing::Test, void>(testing::Test*, void (testing::Test::*)(), char const*) (in /tmp/tmp8sod9cts/student/zaj8i9UniqueObjectList_and_parser/build/bin/unit_tests)
==288==    by 0x13CDE5: testing::Test::Run() (in /tmp/tmp8sod9cts/student/zaj8i9UniqueObjectList_and_parser/build/bin/unit_tests)
==288==    by 0x13D900: testing::TestInfo::Run() (in /tmp/tmp8sod9cts/student/zaj8i9UniqueObjectList_and_parser/build/bin/unit_tests)
==288==    by 0x13E23E: testing::TestSuite::Run() (in /tmp/tmp8sod9cts/student/zaj8i9UniqueObjectList_and_parser/build/bin/unit_tests)
==288==    by 0x14E5EE: testing::internal::UnitTestImpl::RunAllTests() (in /tmp/tmp8sod9cts/student/zaj8i9UniqueObjectList_and_parser/build/bin/unit_tests)
==288==    by 0x16ADE3: bool testing::internal::HandleSehExceptionsInMethodIfSupported<testing::internal::UnitTestImpl, bool>(testing::internal::UnitTestImpl*, bool (testing::internal::UnitTestImpl::*)(), char const*) (in /tmp/tmp8sod9cts/student/zaj8i9UniqueObjectList_and_parser/build/bin/unit_tests)
==288==    by 0x163340: bool testing::internal::HandleExceptionsInMethodIfSupported<testing::internal::UnitTestImpl, bool>(testing::internal::UnitTestImpl*, bool (testing::internal::UnitTestImpl::*)(), char const*) (in /tmp/tmp8sod9cts/student/zaj8i9UniqueObjectList_and_parser/build/bin/unit_tests)
==288==    by 0x14CC10: testing::UnitTest::Run() (in /tmp/tmp8sod9cts/student/zaj8i9UniqueObjectList_and_parser/build/bin/unit_tests)
==288==    by 0x17EE9C: RUN_ALL_TESTS() (in /tmp/tmp8sod9cts/student/zaj8i9UniqueObjectList_and_parser/build/bin/unit_tests)
==288== 
==288== 400 bytes in 10 blocks are definitely lost in loss record 5 of 17
==288==    at 0x4849013: operator new(unsigned long) (in /usr/libexec/valgrind/vgpreload_memcheck-amd64-linux.so)
==288==    by 0x115BFA: ObjectListTester_pushFrontOfDuplicatedElements_expectedSizeIncreasesOnlyWhenUniqueElementAdded_Test::TestBody() (in /tmp/tmp8sod9cts/student/zaj8i9UniqueObjectList_and_parser/build/bin/unit_tests)
==288==    by 0x169D3C: void testing::internal::HandleSehExceptionsInMethodIfSupported<testing::Test, void>(testing::Test*, void (testing::Test::*)(), char const*) (in /tmp/tmp8sod9cts/student/zaj8i9UniqueObjectList_and_parser/build/bin/unit_tests)
==288==    by 0x162120: void testing::internal::HandleExceptionsInMethodIfSupported<testing::Test, void>(testing::Test*, void (testing::Test::*)(), char const*) (in /tmp/tmp8sod9cts/student/zaj8i9UniqueObjectList_and_parser/build/bin/unit_tests)
==288==    by 0x13CDE5: testing::Test::Run() (in /tmp/tmp8sod9cts/student/zaj8i9UniqueObjectList_and_parser/build/bin/unit_tests)
==288==    by 0x13D900: testing::TestInfo::Run() (in /tmp/tmp8sod9cts/student/zaj8i9UniqueObjectList_and_parser/build/bin/unit_tests)
==288==    by 0x13E23E: testing::TestSuite::Run() (in /tmp/tmp8sod9cts/student/zaj8i9UniqueObjectList_and_parser/build/bin/unit_tests)
==288==    by 0x14E5EE: testing::internal::UnitTestImpl::RunAllTests() (in /tmp/tmp8sod9cts/student/zaj8i9UniqueObjectList_and_parser/build/bin/unit_tests)
==288==    by 0x16ADE3: bool testing::internal::HandleSehExceptionsInMethodIfSupported<testing::internal::UnitTestImpl, bool>(testing::internal::UnitTestImpl*, bool (testing::internal::UnitTestImpl::*)(), char const*) (in /tmp/tmp8sod9cts/student/zaj8i9UniqueObjectList_and_parser/build/bin/unit_tests)
==288==    by 0x163340: bool testing::internal::HandleExceptionsInMethodIfSupported<testing::internal::UnitTestImpl, bool>(testing::internal::UnitTestImpl*, bool (testing::internal::UnitTestImpl::*)(), char const*) (in /tmp/tmp8sod9cts/student/zaj8i9UniqueObjectList_and_parser/build/bin/unit_tests)
==288==    by 0x14CC10: testing::UnitTest::Run() (in /tmp/tmp8sod9cts/student/zaj8i9UniqueObjectList_and_parser/build/bin/unit_tests)
==288==    by 0x17EE9C: RUN_ALL_TESTS() (in /tmp/tmp8sod9cts/student/zaj8i9UniqueObjectList_and_parser/build/bin/unit_tests)
==288== 
==288== 400 bytes in 10 blocks are definitely lost in loss record 6 of 17
==288==    at 0x4849013: operator new(unsigned long) (in /usr/libexec/valgrind/vgpreload_memcheck-amd64-linux.so)
==288==    by 0x11603D: ObjectListTester_popFrontOfElements_expectedSizeDecreases_Test::TestBody() (in /tmp/tmp8sod9cts/student/zaj8i9UniqueObjectList_and_parser/build/bin/unit_tests)
==288==    by 0x169D3C: void testing::internal::HandleSehExceptionsInMethodIfSupported<testing::Test, void>(testing::Test*, void (testing::Test::*)(), char const*) (in /tmp/tmp8sod9cts/student/zaj8i9UniqueObjectList_and_parser/build/bin/unit_tests)
==288==    by 0x162120: void testing::internal::HandleExceptionsInMethodIfSupported<testing::Test, void>(testing::Test*, void (testing::Test::*)(), char const*) (in /tmp/tmp8sod9cts/student/zaj8i9UniqueObjectList_and_parser/build/bin/unit_tests)
==288==    by 0x13CDE5: testing::Test::Run() (in /tmp/tmp8sod9cts/student/zaj8i9UniqueObjectList_and_parser/build/bin/unit_tests)
==288==    by 0x13D900: testing::TestInfo::Run() (in /tmp/tmp8sod9cts/student/zaj8i9UniqueObjectList_and_parser/build/bin/unit_tests)
==288==    by 0x13E23E: testing::TestSuite::Run() (in /tmp/tmp8sod9cts/student/zaj8i9UniqueObjectList_and_parser/build/bin/unit_tests)
==288==    by 0x14E5EE: testing::internal::UnitTestImpl::RunAllTests() (in /tmp/tmp8sod9cts/student/zaj8i9UniqueObjectList_and_parser/build/bin/unit_tests)
==288==    by 0x16ADE3: bool testing::internal::HandleSehExceptionsInMethodIfSupported<testing::internal::UnitTestImpl, bool>(testing::internal::UnitTestImpl*, bool (testing::internal::UnitTestImpl::*)(), char const*) (in /tmp/tmp8sod9cts/student/zaj8i9UniqueObjectList_and_parser/build/bin/unit_tests)
==288==    by 0x163340: bool testing::internal::HandleExceptionsInMethodIfSupported<testing::internal::UnitTestImpl, bool>(testing::internal::UnitTestImpl*, bool (testing::internal::UnitTestImpl::*)(), char const*) (in /tmp/tmp8sod9cts/student/zaj8i9UniqueObjectList_and_parser/build/bin/unit_tests)
==288==    by 0x14CC10: testing::UnitTest::Run() (in /tmp/tmp8sod9cts/student/zaj8i9UniqueObjectList_and_parser/build/bin/unit_tests)
==288==    by 0x17EE9C: RUN_ALL_TESTS() (in /tmp/tmp8sod9cts/student/zaj8i9UniqueObjectList_and_parser/build/bin/unit_tests)
==288== 
==288== 400 bytes in 10 blocks are definitely lost in loss record 7 of 17
==288==    at 0x4849013: operator new(unsigned long) (in /usr/libexec/valgrind/vgpreload_memcheck-amd64-linux.so)
==288==    by 0x116986: ObjectListTester_frontOfLists_expectedCorrectFirstElementReturned_Test::TestBody() (in /tmp/tmp8sod9cts/student/zaj8i9UniqueObjectList_and_parser/build/bin/unit_tests)
==288==    by 0x169D3C: void testing::internal::HandleSehExceptionsInMethodIfSupported<testing::Test, void>(testing::Test*, void (testing::Test::*)(), char const*) (in /tmp/tmp8sod9cts/student/zaj8i9UniqueObjectList_and_parser/build/bin/unit_tests)
==288==    by 0x162120: void testing::internal::HandleExceptionsInMethodIfSupported<testing::Test, void>(testing::Test*, void (testing::Test::*)(), char const*) (in /tmp/tmp8sod9cts/student/zaj8i9UniqueObjectList_and_parser/build/bin/unit_tests)
==288==    by 0x13CDE5: testing::Test::Run() (in /tmp/tmp8sod9cts/student/zaj8i9UniqueObjectList_and_parser/build/bin/unit_tests)
==288==    by 0x13D900: testing::TestInfo::Run() (in /tmp/tmp8sod9cts/student/zaj8i9UniqueObjectList_and_parser/build/bin/unit_tests)
==288==    by 0x13E23E: testing::TestSuite::Run() (in /tmp/tmp8sod9cts/student/zaj8i9UniqueObjectList_and_parser/build/bin/unit_tests)
==288==    by 0x14E5EE: testing::internal::UnitTestImpl::RunAllTests() (in /tmp/tmp8sod9cts/student/zaj8i9UniqueObjectList_and_parser/build/bin/unit_tests)
==288==    by 0x16ADE3: bool testing::internal::HandleSehExceptionsInMethodIfSupported<testing::internal::UnitTestImpl, bool>(testing::internal::UnitTestImpl*, bool (testing::internal::UnitTestImpl::*)(), char const*) (in /tmp/tmp8sod9cts/student/zaj8i9UniqueObjectList_and_parser/build/bin/unit_tests)
==288==    by 0x163340: bool testing::internal::HandleExceptionsInMethodIfSupported<testing::internal::UnitTestImpl, bool>(testing::internal::UnitTestImpl*, bool (testing::internal::UnitTestImpl::*)(), char const*) (in /tmp/tmp8sod9cts/student/zaj8i9UniqueObjectList_and_parser/build/bin/unit_tests)
==288==    by 0x14CC10: testing::UnitTest::Run() (in /tmp/tmp8sod9cts/student/zaj8i9UniqueObjectList_and_parser/build/bin/unit_tests)
==288==    by 0x17EE9C: RUN_ALL_TESTS() (in /tmp/tmp8sod9cts/student/zaj8i9UniqueObjectList_and_parser/build/bin/unit_tests)
==288== 
==288== 400 bytes in 10 blocks are definitely lost in loss record 8 of 17
==288==    at 0x4849013: operator new(unsigned long) (in /usr/libexec/valgrind/vgpreload_memcheck-amd64-linux.so)
==288==    by 0x1173D0: ObjectListTester_clear_expectedAllElementsRemoved_Test::TestBody() (in /tmp/tmp8sod9cts/student/zaj8i9UniqueObjectList_and_parser/build/bin/unit_tests)
==288==    by 0x169D3C: void testing::internal::HandleSehExceptionsInMethodIfSupported<testing::Test, void>(testing::Test*, void (testing::Test::*)(), char const*) (in /tmp/tmp8sod9cts/student/zaj8i9UniqueObjectList_and_parser/build/bin/unit_tests)
==288==    by 0x162120: void testing::internal::HandleExceptionsInMethodIfSupported<testing::Test, void>(testing::Test*, void (testing::Test::*)(), char const*) (in /tmp/tmp8sod9cts/student/zaj8i9UniqueObjectList_and_parser/build/bin/unit_tests)
==288==    by 0x13CDE5: testing::Test::Run() (in /tmp/tmp8sod9cts/student/zaj8i9UniqueObjectList_and_parser/build/bin/unit_tests)
==288==    by 0x13D900: testing::TestInfo::Run() (in /tmp/tmp8sod9cts/student/zaj8i9UniqueObjectList_and_parser/build/bin/unit_tests)
==288==    by 0x13E23E: testing::TestSuite::Run() (in /tmp/tmp8sod9cts/student/zaj8i9UniqueObjectList_and_parser/build/bin/unit_tests)
==288==    by 0x14E5EE: testing::internal::UnitTestImpl::RunAllTests() (in /tmp/tmp8sod9cts/student/zaj8i9UniqueObjectList_and_parser/build/bin/unit_tests)
==288==    by 0x16ADE3: bool testing::internal::HandleSehExceptionsInMethodIfSupported<testing::internal::UnitTestImpl, bool>(testing::internal::UnitTestImpl*, bool (testing::internal::UnitTestImpl::*)(), char const*) (in /tmp/tmp8sod9cts/student/zaj8i9UniqueObjectList_and_parser/build/bin/unit_tests)
==288==    by 0x163340: bool testing::internal::HandleExceptionsInMethodIfSupported<testing::internal::UnitTestImpl, bool>(testing::internal::UnitTestImpl*, bool (testing::internal::UnitTestImpl::*)(), char const*) (in /tmp/tmp8sod9cts/student/zaj8i9UniqueObjectList_and_parser/build/bin/unit_tests)
==288==    by 0x14CC10: testing::UnitTest::Run() (in /tmp/tmp8sod9cts/student/zaj8i9UniqueObjectList_and_parser/build/bin/unit_tests)
==288==    by 0x17EE9C: RUN_ALL_TESTS() (in /tmp/tmp8sod9cts/student/zaj8i9UniqueObjectList_and_parser/build/bin/unit_tests)
==288== 
==288== 400 bytes in 10 blocks are definitely lost in loss record 9 of 17
==288==    at 0x4849013: operator new(unsigned long) (in /usr/libexec/valgrind/vgpreload_memcheck-amd64-linux.so)
==288==    by 0x117CB8: ObjectListTester_reverse_expectedAllElementsReversed_Test::TestBody() (in /tmp/tmp8sod9cts/student/zaj8i9UniqueObjectList_and_parser/build/bin/unit_tests)
==288==    by 0x169D3C: void testing::internal::HandleSehExceptionsInMethodIfSupported<testing::Test, void>(testing::Test*, void (testing::Test::*)(), char const*) (in /tmp/tmp8sod9cts/student/zaj8i9UniqueObjectList_and_parser/build/bin/unit_tests)
==288==    by 0x162120: void testing::internal::HandleExceptionsInMethodIfSupported<testing::Test, void>(testing::Test*, void (testing::Test::*)(), char const*) (in /tmp/tmp8sod9cts/student/zaj8i9UniqueObjectList_and_parser/build/bin/unit_tests)
==288==    by 0x13CDE5: testing::Test::Run() (in /tmp/tmp8sod9cts/student/zaj8i9UniqueObjectList_and_parser/build/bin/unit_tests)
==288==    by 0x13D900: testing::TestInfo::Run() (in /tmp/tmp8sod9cts/student/zaj8i9UniqueObjectList_and_parser/build/bin/unit_tests)
==288==    by 0x13E23E: testing::TestSuite::Run() (in /tmp/tmp8sod9cts/student/zaj8i9UniqueObjectList_and_parser/build/bin/unit_tests)
==288==    by 0x14E5EE: testing::internal::UnitTestImpl::RunAllTests() (in /tmp/tmp8sod9cts/student/zaj8i9UniqueObjectList_and_parser/build/bin/unit_tests)
==288==    by 0x16ADE3: bool testing::internal::HandleSehExceptionsInMethodIfSupported<testing::internal::UnitTestImpl, bool>(testing::internal::UnitTestImpl*, bool (testing::internal::UnitTestImpl::*)(), char const*) (in /tmp/tmp8sod9cts/student/zaj8i9UniqueObjectList_and_parser/build/bin/unit_tests)
==288==    by 0x163340: bool testing::internal::HandleExceptionsInMethodIfSupported<testing::internal::UnitTestImpl, bool>(testing::internal::UnitTestImpl*, bool (testing::internal::UnitTestImpl::*)(), char const*) (in /tmp/tmp8sod9cts/student/zaj8i9UniqueObjectList_and_parser/build/bin/unit_tests)
==288==    by 0x14CC10: testing::UnitTest::Run() (in /tmp/tmp8sod9cts/student/zaj8i9UniqueObjectList_and_parser/build/bin/unit_tests)
==288==    by 0x17EE9C: RUN_ALL_TESTS() (in /tmp/tmp8sod9cts/student/zaj8i9UniqueObjectList_and_parser/build/bin/unit_tests)
==288== 
==288== 400 bytes in 10 blocks are definitely lost in loss record 10 of 17
==288==    at 0x4849013: operator new(unsigned long) (in /usr/libexec/valgrind/vgpreload_memcheck-amd64-linux.so)
==288==    by 0x1187EE: ObjectListTester_loopingWithIterators_expectedSuccess_Test::TestBody() (in /tmp/tmp8sod9cts/student/zaj8i9UniqueObjectList_and_parser/build/bin/unit_tests)
==288==    by 0x169D3C: void testing::internal::HandleSehExceptionsInMethodIfSupported<testing::Test, void>(testing::Test*, void (testing::Test::*)(), char const*) (in /tmp/tmp8sod9cts/student/zaj8i9UniqueObjectList_and_parser/build/bin/unit_tests)
==288==    by 0x162120: void testing::internal::HandleExceptionsInMethodIfSupported<testing::Test, void>(testing::Test*, void (testing::Test::*)(), char const*) (in /tmp/tmp8sod9cts/student/zaj8i9UniqueObjectList_and_parser/build/bin/unit_tests)
==288==    by 0x13CDE5: testing::Test::Run() (in /tmp/tmp8sod9cts/student/zaj8i9UniqueObjectList_and_parser/build/bin/unit_tests)
==288==    by 0x13D900: testing::TestInfo::Run() (in /tmp/tmp8sod9cts/student/zaj8i9UniqueObjectList_and_parser/build/bin/unit_tests)
==288==    by 0x13E23E: testing::TestSuite::Run() (in /tmp/tmp8sod9cts/student/zaj8i9UniqueObjectList_and_parser/build/bin/unit_tests)
==288==    by 0x14E5EE: testing::internal::UnitTestImpl::RunAllTests() (in /tmp/tmp8sod9cts/student/zaj8i9UniqueObjectList_and_parser/build/bin/unit_tests)
==288==    by 0x16ADE3: bool testing::internal::HandleSehExceptionsInMethodIfSupported<testing::internal::UnitTestImpl, bool>(testing::internal::UnitTestImpl*, bool (testing::internal::UnitTestImpl::*)(), char const*) (in /tmp/tmp8sod9cts/student/zaj8i9UniqueObjectList_and_parser/build/bin/unit_tests)
==288==    by 0x163340: bool testing::internal::HandleExceptionsInMethodIfSupported<testing::internal::UnitTestImpl, bool>(testing::internal::UnitTestImpl*, bool (testing::internal::UnitTestImpl::*)(), char const*) (in /tmp/tmp8sod9cts/student/zaj8i9UniqueObjectList_and_parser/build/bin/unit_tests)
==288==    by 0x14CC10: testing::UnitTest::Run() (in /tmp/tmp8sod9cts/student/zaj8i9UniqueObjectList_and_parser/build/bin/unit_tests)
==288==    by 0x17EE9C: RUN_ALL_TESTS() (in /tmp/tmp8sod9cts/student/zaj8i9UniqueObjectList_and_parser/build/bin/unit_tests)
==288== 
==288== 400 bytes in 10 blocks are definitely lost in loss record 11 of 17
==288==    at 0x4849013: operator new(unsigned long) (in /usr/libexec/valgrind/vgpreload_memcheck-amd64-linux.so)
==288==    by 0x118C18: ObjectListTester_eraseAfterMiddleElement_expectedMiddleElementErased_Test::TestBody() (in /tmp/tmp8sod9cts/student/zaj8i9UniqueObjectList_and_parser/build/bin/unit_tests)
==288==    by 0x169D3C: void testing::internal::HandleSehExceptionsInMethodIfSupported<testing::Test, void>(testing::Test*, void (testing::Test::*)(), char const*) (in /tmp/tmp8sod9cts/student/zaj8i9UniqueObjectList_and_parser/build/bin/unit_tests)
==288==    by 0x162120: void testing::internal::HandleExceptionsInMethodIfSupported<testing::Test, void>(testing::Test*, void (testing::Test::*)(), char const*) (in /tmp/tmp8sod9cts/student/zaj8i9UniqueObjectList_and_parser/build/bin/unit_tests)
==288==    by 0x13CDE5: testing::Test::Run() (in /tmp/tmp8sod9cts/student/zaj8i9UniqueObjectList_and_parser/build/bin/unit_tests)
==288==    by 0x13D900: testing::TestInfo::Run() (in /tmp/tmp8sod9cts/student/zaj8i9UniqueObjectList_and_parser/build/bin/unit_tests)
==288==    by 0x13E23E: testing::TestSuite::Run() (in /tmp/tmp8sod9cts/student/zaj8i9UniqueObjectList_and_parser/build/bin/unit_tests)
==288==    by 0x14E5EE: testing::internal::UnitTestImpl::RunAllTests() (in /tmp/tmp8sod9cts/student/zaj8i9UniqueObjectList_and_parser/build/bin/unit_tests)
==288==    by 0x16ADE3: bool testing::internal::HandleSehExceptionsInMethodIfSupported<testing::internal::UnitTestImpl, bool>(testing::internal::UnitTestImpl*, bool (testing::internal::UnitTestImpl::*)(), char const*) (in /tmp/tmp8sod9cts/student/zaj8i9UniqueObjectList_and_parser/build/bin/unit_tests)
==288==    by 0x163340: bool testing::internal::HandleExceptionsInMethodIfSupported<testing::internal::UnitTestImpl, bool>(testing::internal::UnitTestImpl*, bool (testing::internal::UnitTestImpl::*)(), char const*) (in /tmp/tmp8sod9cts/student/zaj8i9UniqueObjectList_and_parser/build/bin/unit_tests)
==288==    by 0x14CC10: testing::UnitTest::Run() (in /tmp/tmp8sod9cts/student/zaj8i9UniqueObjectList_and_parser/build/bin/unit_tests)
==288==    by 0x17EE9C: RUN_ALL_TESTS() (in /tmp/tmp8sod9cts/student/zaj8i9UniqueObjectList_and_parser/build/bin/unit_tests)
==288== 
==288== 400 bytes in 10 blocks are definitely lost in loss record 12 of 17
==288==    at 0x4849013: operator new(unsigned long) (in /usr/libexec/valgrind/vgpreload_memcheck-amd64-linux.so)
==288==    by 0x119275: ObjectListTester_eraseMiddleElement_expectedMiddleElementErased_Test::TestBody() (in /tmp/tmp8sod9cts/student/zaj8i9UniqueObjectList_and_parser/build/bin/unit_tests)
==288==    by 0x169D3C: void testing::internal::HandleSehExceptionsInMethodIfSupported<testing::Test, void>(testing::Test*, void (testing::Test::*)(), char const*) (in /tmp/tmp8sod9cts/student/zaj8i9UniqueObjectList_and_parser/build/bin/unit_tests)
==288==    by 0x162120: void testing::internal::HandleExceptionsInMethodIfSupported<testing::Test, void>(testing::Test*, void (testing::Test::*)(), char const*) (in /tmp/tmp8sod9cts/student/zaj8i9UniqueObjectList_and_parser/build/bin/unit_tests)
==288==    by 0x13CDE5: testing::Test::Run() (in /tmp/tmp8sod9cts/student/zaj8i9UniqueObjectList_and_parser/build/bin/unit_tests)
==288==    by 0x13D900: testing::TestInfo::Run() (in /tmp/tmp8sod9cts/student/zaj8i9UniqueObjectList_and_parser/build/bin/unit_tests)
==288==    by 0x13E23E: testing::TestSuite::Run() (in /tmp/tmp8sod9cts/student/zaj8i9UniqueObjectList_and_parser/build/bin/unit_tests)
==288==    by 0x14E5EE: testing::internal::UnitTestImpl::RunAllTests() (in /tmp/tmp8sod9cts/student/zaj8i9UniqueObjectList_and_parser/build/bin/unit_tests)
==288==    by 0x16ADE3: bool testing::internal::HandleSehExceptionsInMethodIfSupported<testing::internal::UnitTestImpl, bool>(testing::internal::UnitTestImpl*, bool (testing::internal::UnitTestImpl::*)(), char const*) (in /tmp/tmp8sod9cts/student/zaj8i9UniqueObjectList_and_parser/build/bin/unit_tests)
==288==    by 0x163340: bool testing::internal::HandleExceptionsInMethodIfSupported<testing::internal::UnitTestImpl, bool>(testing::internal::UnitTestImpl*, bool (testing::internal::UnitTestImpl::*)(), char const*) (in /tmp/tmp8sod9cts/student/zaj8i9UniqueObjectList_and_parser/build/bin/unit_tests)
==288==    by 0x14CC10: testing::UnitTest::Run() (in /tmp/tmp8sod9cts/student/zaj8i9UniqueObjectList_and_parser/build/bin/unit_tests)
==288==    by 0x17EE9C: RUN_ALL_TESTS() (in /tmp/tmp8sod9cts/student/zaj8i9UniqueObjectList_and_parser/build/bin/unit_tests)
==288== 
==288== 400 bytes in 10 blocks are definitely lost in loss record 13 of 17
==288==    at 0x4849013: operator new(unsigned long) (in /usr/libexec/valgrind/vgpreload_memcheck-amd64-linux.so)
==288==    by 0x1198AA: ObjectListTester_copyConstructorImplemented_expected2ListsWithTheSameElementsInTheSameOrder_Test::TestBody() (in /tmp/tmp8sod9cts/student/zaj8i9UniqueObjectList_and_parser/build/bin/unit_tests)
==288==    by 0x169D3C: void testing::internal::HandleSehExceptionsInMethodIfSupported<testing::Test, void>(testing::Test*, void (testing::Test::*)(), char const*) (in /tmp/tmp8sod9cts/student/zaj8i9UniqueObjectList_and_parser/build/bin/unit_tests)
==288==    by 0x162120: void testing::internal::HandleExceptionsInMethodIfSupported<testing::Test, void>(testing::Test*, void (testing::Test::*)(), char const*) (in /tmp/tmp8sod9cts/student/zaj8i9UniqueObjectList_and_parser/build/bin/unit_tests)
==288==    by 0x13CDE5: testing::Test::Run() (in /tmp/tmp8sod9cts/student/zaj8i9UniqueObjectList_and_parser/build/bin/unit_tests)
==288==    by 0x13D900: testing::TestInfo::Run() (in /tmp/tmp8sod9cts/student/zaj8i9UniqueObjectList_and_parser/build/bin/unit_tests)
==288==    by 0x13E23E: testing::TestSuite::Run() (in /tmp/tmp8sod9cts/student/zaj8i9UniqueObjectList_and_parser/build/bin/unit_tests)
==288==    by 0x14E5EE: testing::internal::UnitTestImpl::RunAllTests() (in /tmp/tmp8sod9cts/student/zaj8i9UniqueObjectList_and_parser/build/bin/unit_tests)
==288==    by 0x16ADE3: bool testing::internal::HandleSehExceptionsInMethodIfSupported<testing::internal::UnitTestImpl, bool>(testing::internal::UnitTestImpl*, bool (testing::internal::UnitTestImpl::*)(), char const*) (in /tmp/tmp8sod9cts/student/zaj8i9UniqueObjectList_and_parser/build/bin/unit_tests)
==288==    by 0x163340: bool testing::internal::HandleExceptionsInMethodIfSupported<testing::internal::UnitTestImpl, bool>(testing::internal::UnitTestImpl*, bool (testing::internal::UnitTestImpl::*)(), char const*) (in /tmp/tmp8sod9cts/student/zaj8i9UniqueObjectList_and_parser/build/bin/unit_tests)
==288==    by 0x14CC10: testing::UnitTest::Run() (in /tmp/tmp8sod9cts/student/zaj8i9UniqueObjectList_and_parser/build/bin/unit_tests)
==288==    by 0x17EE9C: RUN_ALL_TESTS() (in /tmp/tmp8sod9cts/student/zaj8i9UniqueObjectList_and_parser/build/bin/unit_tests)
==288== 
==288== 400 bytes in 10 blocks are definitely lost in loss record 14 of 17
==288==    at 0x4849013: operator new(unsigned long) (in /usr/libexec/valgrind/vgpreload_memcheck-amd64-linux.so)
==288==    by 0x11A1C6: ObjectListTester_moveConstructorImplemented_expectedAllElementsMovedToOrderContainer_Test::TestBody() (in /tmp/tmp8sod9cts/student/zaj8i9UniqueObjectList_and_parser/build/bin/unit_tests)
==288==    by 0x169D3C: void testing::internal::HandleSehExceptionsInMethodIfSupported<testing::Test, void>(testing::Test*, void (testing::Test::*)(), char const*) (in /tmp/tmp8sod9cts/student/zaj8i9UniqueObjectList_and_parser/build/bin/unit_tests)
==288==    by 0x162120: void testing::internal::HandleExceptionsInMethodIfSupported<testing::Test, void>(testing::Test*, void (testing::Test::*)(), char const*) (in /tmp/tmp8sod9cts/student/zaj8i9UniqueObjectList_and_parser/build/bin/unit_tests)
==288==    by 0x13CDE5: testing::Test::Run() (in /tmp/tmp8sod9cts/student/zaj8i9UniqueObjectList_and_parser/build/bin/unit_tests)
==288==    by 0x13D900: testing::TestInfo::Run() (in /tmp/tmp8sod9cts/student/zaj8i9UniqueObjectList_and_parser/build/bin/unit_tests)
==288==    by 0x13E23E: testing::TestSuite::Run() (in /tmp/tmp8sod9cts/student/zaj8i9UniqueObjectList_and_parser/build/bin/unit_tests)
==288==    by 0x14E5EE: testing::internal::UnitTestImpl::RunAllTests() (in /tmp/tmp8sod9cts/student/zaj8i9UniqueObjectList_and_parser/build/bin/unit_tests)
==288==    by 0x16ADE3: bool testing::internal::HandleSehExceptionsInMethodIfSupported<testing::internal::UnitTestImpl, bool>(testing::internal::UnitTestImpl*, bool (testing::internal::UnitTestImpl::*)(), char const*) (in /tmp/tmp8sod9cts/student/zaj8i9UniqueObjectList_and_parser/build/bin/unit_tests)
==288==    by 0x163340: bool testing::internal::HandleExceptionsInMethodIfSupported<testing::internal::UnitTestImpl, bool>(testing::internal::UnitTestImpl*, bool (testing::internal::UnitTestImpl::*)(), char const*) (in /tmp/tmp8sod9cts/student/zaj8i9UniqueObjectList_and_parser/build/bin/unit_tests)
==288==    by 0x14CC10: testing::UnitTest::Run() (in /tmp/tmp8sod9cts/student/zaj8i9UniqueObjectList_and_parser/build/bin/unit_tests)
==288==    by 0x17EE9C: RUN_ALL_TESTS() (in /tmp/tmp8sod9cts/student/zaj8i9UniqueObjectList_and_parser/build/bin/unit_tests)
==288== 
==288== 400 bytes in 10 blocks are definitely lost in loss record 15 of 17
==288==    at 0x4849013: operator new(unsigned long) (in /usr/libexec/valgrind/vgpreload_memcheck-amd64-linux.so)
==288==    by 0x11A929: ObjectListTester_assignmentOperatorCopying_expectedNewValues_Test::TestBody() (in /tmp/tmp8sod9cts/student/zaj8i9UniqueObjectList_and_parser/build/bin/unit_tests)
==288==    by 0x169D3C: void testing::internal::HandleSehExceptionsInMethodIfSupported<testing::Test, void>(testing::Test*, void (testing::Test::*)(), char const*) (in /tmp/tmp8sod9cts/student/zaj8i9UniqueObjectList_and_parser/build/bin/unit_tests)
==288==    by 0x162120: void testing::internal::HandleExceptionsInMethodIfSupported<testing::Test, void>(testing::Test*, void (testing::Test::*)(), char const*) (in /tmp/tmp8sod9cts/student/zaj8i9UniqueObjectList_and_parser/build/bin/unit_tests)
==288==    by 0x13CDE5: testing::Test::Run() (in /tmp/tmp8sod9cts/student/zaj8i9UniqueObjectList_and_parser/build/bin/unit_tests)
==288==    by 0x13D900: testing::TestInfo::Run() (in /tmp/tmp8sod9cts/student/zaj8i9UniqueObjectList_and_parser/build/bin/unit_tests)
==288==    by 0x13E23E: testing::TestSuite::Run() (in /tmp/tmp8sod9cts/student/zaj8i9UniqueObjectList_and_parser/build/bin/unit_tests)
==288==    by 0x14E5EE: testing::internal::UnitTestImpl::RunAllTests() (in /tmp/tmp8sod9cts/student/zaj8i9UniqueObjectList_and_parser/build/bin/unit_tests)
==288==    by 0x16ADE3: bool testing::internal::HandleSehExceptionsInMethodIfSupported<testing::internal::UnitTestImpl, bool>(testing::internal::UnitTestImpl*, bool (testing::internal::UnitTestImpl::*)(), char const*) (in /tmp/tmp8sod9cts/student/zaj8i9UniqueObjectList_and_parser/build/bin/unit_tests)
==288==    by 0x163340: bool testing::internal::HandleExceptionsInMethodIfSupported<testing::internal::UnitTestImpl, bool>(testing::internal::UnitTestImpl*, bool (testing::internal::UnitTestImpl::*)(), char const*) (in /tmp/tmp8sod9cts/student/zaj8i9UniqueObjectList_and_parser/build/bin/unit_tests)
==288==    by 0x14CC10: testing::UnitTest::Run() (in /tmp/tmp8sod9cts/student/zaj8i9UniqueObjectList_and_parser/build/bin/unit_tests)
==288==    by 0x17EE9C: RUN_ALL_TESTS() (in /tmp/tmp8sod9cts/student/zaj8i9UniqueObjectList_and_parser/build/bin/unit_tests)
==288== 
==288== 400 bytes in 10 blocks are definitely lost in loss record 16 of 17
==288==    at 0x4849013: operator new(unsigned long) (in /usr/libexec/valgrind/vgpreload_memcheck-amd64-linux.so)
==288==    by 0x11C3C3: ObjectListTester_assignmentOperatorMoving_expectedAllElementsMoved_Test::TestBody() (in /tmp/tmp8sod9cts/student/zaj8i9UniqueObjectList_and_parser/build/bin/unit_tests)
==288==    by 0x169D3C: void testing::internal::HandleSehExceptionsInMethodIfSupported<testing::Test, void>(testing::Test*, void (testing::Test::*)(), char const*) (in /tmp/tmp8sod9cts/student/zaj8i9UniqueObjectList_and_parser/build/bin/unit_tests)
==288==    by 0x162120: void testing::internal::HandleExceptionsInMethodIfSupported<testing::Test, void>(testing::Test*, void (testing::Test::*)(), char const*) (in /tmp/tmp8sod9cts/student/zaj8i9UniqueObjectList_and_parser/build/bin/unit_tests)
==288==    by 0x13CDE5: testing::Test::Run() (in /tmp/tmp8sod9cts/student/zaj8i9UniqueObjectList_and_parser/build/bin/unit_tests)
==288==    by 0x13D900: testing::TestInfo::Run() (in /tmp/tmp8sod9cts/student/zaj8i9UniqueObjectList_and_parser/build/bin/unit_tests)
==288==    by 0x13E23E: testing::TestSuite::Run() (in /tmp/tmp8sod9cts/student/zaj8i9UniqueObjectList_and_parser/build/bin/unit_tests)
==288==    by 0x14E5EE: testing::internal::UnitTestImpl::RunAllTests() (in /tmp/tmp8sod9cts/student/zaj8i9UniqueObjectList_and_parser/build/bin/unit_tests)
==288==    by 0x16ADE3: bool testing::internal::HandleSehExceptionsInMethodIfSupported<testing::internal::UnitTestImpl, bool>(testing::internal::UnitTestImpl*, bool (testing::internal::UnitTestImpl::*)(), char const*) (in /tmp/tmp8sod9cts/student/zaj8i9UniqueObjectList_and_parser/build/bin/unit_tests)
==288==    by 0x163340: bool testing::internal::HandleExceptionsInMethodIfSupported<testing::internal::UnitTestImpl, bool>(testing::internal::UnitTestImpl*, bool (testing::internal::UnitTestImpl::*)(), char const*) (in /tmp/tmp8sod9cts/student/zaj8i9UniqueObjectList_and_parser/build/bin/unit_tests)
==288==    by 0x14CC10: testing::UnitTest::Run() (in /tmp/tmp8sod9cts/student/zaj8i9UniqueObjectList_and_parser/build/bin/unit_tests)
==288==    by 0x17EE9C: RUN_ALL_TESTS() (in /tmp/tmp8sod9cts/student/zaj8i9UniqueObjectList_and_parser/build/bin/unit_tests)
==288== 
==288== 561 (400 direct, 161 indirect) bytes in 10 blocks are definitely lost in loss record 17 of 17
==288==    at 0x4849013: operator new(unsigned long) (in /usr/libexec/valgrind/vgpreload_memcheck-amd64-linux.so)
==288==    by 0x11C48E: ObjectListTester_assignmentOperatorMoving_expectedAllElementsMoved_Test::TestBody() (in /tmp/tmp8sod9cts/student/zaj8i9UniqueObjectList_and_parser/build/bin/unit_tests)
==288==    by 0x169D3C: void testing::internal::HandleSehExceptionsInMethodIfSupported<testing::Test, void>(testing::Test*, void (testing::Test::*)(), char const*) (in /tmp/tmp8sod9cts/student/zaj8i9UniqueObjectList_and_parser/build/bin/unit_tests)
==288==    by 0x162120: void testing::internal::HandleExceptionsInMethodIfSupported<testing::Test, void>(testing::Test*, void (testing::Test::*)(), char const*) (in /tmp/tmp8sod9cts/student/zaj8i9UniqueObjectList_and_parser/build/bin/unit_tests)
==288==    by 0x13CDE5: testing::Test::Run() (in /tmp/tmp8sod9cts/student/zaj8i9UniqueObjectList_and_parser/build/bin/unit_tests)
==288==    by 0x13D900: testing::TestInfo::Run() (in /tmp/tmp8sod9cts/student/zaj8i9UniqueObjectList_and_parser/build/bin/unit_tests)
==288==    by 0x13E23E: testing::TestSuite::Run() (in /tmp/tmp8sod9cts/student/zaj8i9UniqueObjectList_and_parser/build/bin/unit_tests)
==288==    by 0x14E5EE: testing::internal::UnitTestImpl::RunAllTests() (in /tmp/tmp8sod9cts/student/zaj8i9UniqueObjectList_and_parser/build/bin/unit_tests)
==288==    by 0x16ADE3: bool testing::internal::HandleSehExceptionsInMethodIfSupported<testing::internal::UnitTestImpl, bool>(testing::internal::UnitTestImpl*, bool (testing::internal::UnitTestImpl::*)(), char const*) (in /tmp/tmp8sod9cts/student/zaj8i9UniqueObjectList_and_parser/build/bin/unit_tests)
==288==    by 0x163340: bool testing::internal::HandleExceptionsInMethodIfSupported<testing::internal::UnitTestImpl, bool>(testing::internal::UnitTestImpl*, bool (testing::internal::UnitTestImpl::*)(), char const*) (in /tmp/tmp8sod9cts/student/zaj8i9UniqueObjectList_and_parser/build/bin/unit_tests)
==288==    by 0x14CC10: testing::UnitTest::Run() (in /tmp/tmp8sod9cts/student/zaj8i9UniqueObjectList_and_parser/build/bin/unit_tests)
==288==    by 0x17EE9C: RUN_ALL_TESTS() (in /tmp/tmp8sod9cts/student/zaj8i9UniqueObjectList_and_parser/build/bin/unit_tests)
==288== 
==288== LEAK SUMMARY:
==288==    definitely lost: 6,120 bytes in 153 blocks
==288==    indirectly lost: 161 bytes in 7 blocks
==288==      possibly lost: 0 bytes in 0 blocks
==288==    still reachable: 0 bytes in 0 blocks
==288==         suppressed: 0 bytes in 0 blocks
==288== 
==288== For lists of detected and suppressed errors, rerun with: -s
==288== ERROR SUMMARY: 16 errors from 16 contexts (suppressed: 0 from 0)
