-- The C compiler identification is GNU 11.3.0
-- The CXX compiler identification is GNU 11.3.0
-- Detecting C compiler ABI info
-- Detecting C compiler ABI info - done
-- Check for working C compiler: /usr/bin/cc - skipped
-- Detecting C compile features
-- Detecting C compile features - done
-- Detecting CXX compiler ABI info
-- Detecting CXX compiler ABI info - done
-- Check for working CXX compiler: /usr/bin/c++ - skipped
-- Detecting CXX compile features
-- Detecting CXX compile features - done
Katalog do zbudowanego projektu: /tmp/tmpzvgu6bco/student/lab2systems/build
 + Znaleziono nagłówki: /tmp/tmpzvgu6bco/student/lab2systems/linux.h;/tmp/tmpzvgu6bco/student/lab2systems/macos.h;/tmp/tmpzvgu6bco/student/lab2systems/user.h;/tmp/tmpzvgu6bco/student/lab2systems/windows.h
 + Znaleziono źródła: /tmp/tmpzvgu6bco/student/lab2systems/linux.cpp;/tmp/tmpzvgu6bco/student/lab2systems/main.cpp;/tmp/tmpzvgu6bco/student/lab2systems/windows.cpp
 + Znaleziono źródła bez main.cpp: /tmp/tmpzvgu6bco/student/lab2systems/linux.cpp;/tmp/tmpzvgu6bco/student/lab2systems/windows.cpp
	* valgrind found: /usr/bin/valgrind
-- Found Python: /tmp/tmpgqdnbks3/teacher/test-venv/bin/python3 (found version "3.11.0") found components: Interpreter 
-- Looking for pthread.h
-- Looking for pthread.h - found
-- Performing Test CMAKE_HAVE_LIBC_PTHREAD
-- Performing Test CMAKE_HAVE_LIBC_PTHREAD - Success
-- Found Threads: TRUE  
 + Znaleziono pliki testów: /tmp/tmpzvgu6bco/student/lab2systems/tests/linuxTests.cpp;/tmp/tmpzvgu6bco/student/lab2systems/tests/windowsTests.cpp
 + katalog nagłówków: 
-- Configuring done
-- Generating done
-- Build files have been written to: /tmp/tmpzvgu6bco/student/lab2systems/build
