/tmp/tmpzvgu6bco/student/lab2systems/linux.h:69:9: warning: Variable 'distribution_' is assigned in constructor body. Consider performing initialization in initialization list. [useInitializationList]
        distribution_ = distro;
        ^
/tmp/tmpzvgu6bco/student/lab2systems/windows.h:61:9: warning: Variable 'version_' is assigned in constructor body. Consider performing initialization in initialization list. [useInitializationList]
        version_ = version;
        ^
/tmp/tmpzvgu6bco/student/lab2systems/linux.cpp:19:0: warning: The function 'open_source_sympathizers' is never used. [unusedFunction]
size_t Linux::open_source_sympathizers() {
^
/tmp/tmpzvgu6bco/student/lab2systems/linux.cpp:23:0: warning: The function 'add_user' is never used. [unusedFunction]
int Linux::add_user(const string& user_name, const string& password) {
^
/tmp/tmpzvgu6bco/student/lab2systems/linux.cpp:31:0: warning: The function 'user' is never used. [unusedFunction]
User Linux::user(int user_id) {
^
/tmp/tmpzvgu6bco/student/lab2systems/linux.cpp:35:0: warning: The function 'user_home_directory' is never used. [unusedFunction]
string Linux::user_home_directory(int user_id) {
^
/tmp/tmpzvgu6bco/student/lab2systems/linux.cpp:40:0: warning: The function 'graphic_environment' is never used. [unusedFunction]
optional<string> Linux::graphic_environment() const {
^
/tmp/tmpzvgu6bco/student/lab2systems/windows.cpp:13:0: warning: The function 'version' is never used. [unusedFunction]
string Windows::version() {
^
/tmp/tmpzvgu6bco/student/lab2systems/windows.cpp:17:0: warning: The function 'activated_systems' is never used. [unusedFunction]
size_t Windows::activated_systems() {
^
