{
  "tests": 15,
  "failures": 0,
  "disabled": 0,
  "errors": 0,
  "timestamp": "2023-06-21T17:56:22Z",
  "time": "1.016s",
  "name": "AllTests",
  "testsuites": [
    {
      "name": "FileMatrixTester",
      "tests": 15,
      "failures": 0,
      "disabled": 0,
      "errors": 0,
      "timestamp": "2023-06-21T17:56:22Z",
      "time": "1.016s",
      "testsuite": [
        {
          "name": "initialisationOfSingleElementMatrix_expectedFileCreated",
          "file": "\/tmp\/tmpfv1r2iav\/student\/zaj13FileMatrix\/unitTests\/FileMatrixTests.cpp",
          "line": 170,
          "status": "RUN",
          "result": "COMPLETED",
          "timestamp": "2023-06-21T17:56:22Z",
          "time": "0s",
          "classname": "FileMatrixTester"
        },
        {
          "name": "initialisationOfMatrixSingleColumnButMultipleRows_expectedFileWithProperSizeCreated",
          "file": "\/tmp\/tmpfv1r2iav\/student\/zaj13FileMatrix\/unitTests\/FileMatrixTests.cpp",
          "line": 186,
          "status": "RUN",
          "result": "COMPLETED",
          "timestamp": "2023-06-21T17:56:22Z",
          "time": "0s",
          "classname": "FileMatrixTester"
        },
        {
          "name": "initialisationOfMatrixMultipleColumnAndSingleRow_expectedFileWithProperSizeCreated",
          "file": "\/tmp\/tmpfv1r2iav\/student\/zaj13FileMatrix\/unitTests\/FileMatrixTests.cpp",
          "line": 202,
          "status": "RUN",
          "result": "COMPLETED",
          "timestamp": "2023-06-21T17:56:22Z",
          "time": "0s",
          "classname": "FileMatrixTester"
        },
        {
          "name": "initialisationOfSquareMatrixMultipleColumnAndMultipleRows_expectedFileWithProperSizeCreated",
          "file": "\/tmp\/tmpfv1r2iav\/student\/zaj13FileMatrix\/unitTests\/FileMatrixTests.cpp",
          "line": 218,
          "status": "RUN",
          "result": "COMPLETED",
          "timestamp": "2023-06-21T17:56:22Z",
          "time": "0s",
          "classname": "FileMatrixTester"
        },
        {
          "name": "accesingMatrixDataWithTooGreatIndex_expectedThrowingOutOfRangeException",
          "file": "\/tmp\/tmpfv1r2iav\/student\/zaj13FileMatrix\/unitTests\/FileMatrixTests.cpp",
          "line": 234,
          "status": "RUN",
          "result": "COMPLETED",
          "timestamp": "2023-06-21T17:56:22Z",
          "time": "0s",
          "classname": "FileMatrixTester"
        },
        {
          "name": "accesingMatrixElementsWithIndex_expectedSucessfullWriteAndRead",
          "file": "\/tmp\/tmpfv1r2iav\/student\/zaj13FileMatrix\/unitTests\/FileMatrixTests.cpp",
          "line": 253,
          "status": "RUN",
          "result": "COMPLETED",
          "timestamp": "2023-06-21T17:56:22Z",
          "time": "0s",
          "classname": "FileMatrixTester"
        },
        {
          "name": "comparingOfMatrixesWithTheSameData_expectedComparationReturnsTrue",
          "file": "\/tmp\/tmpfv1r2iav\/student\/zaj13FileMatrix\/unitTests\/FileMatrixTests.cpp",
          "line": 283,
          "status": "RUN",
          "result": "COMPLETED",
          "timestamp": "2023-06-21T17:56:22Z",
          "time": "0.008s",
          "classname": "FileMatrixTester"
        },
        {
          "name": "comparingDifferentMatrixesWithTheSameNumberOfRowsAndColumnsButDifferentData_expectedComparationReturnsFalse",
          "file": "\/tmp\/tmpfv1r2iav\/student\/zaj13FileMatrix\/unitTests\/FileMatrixTests.cpp",
          "line": 326,
          "status": "RUN",
          "result": "COMPLETED",
          "timestamp": "2023-06-21T17:56:22Z",
          "time": "0s",
          "classname": "FileMatrixTester"
        },
        {
          "name": "copyConstruction_expectedFileCopiedWithEqualBinaryData",
          "file": "\/tmp\/tmpfv1r2iav\/student\/zaj13FileMatrix\/unitTests\/FileMatrixTests.cpp",
          "line": 371,
          "status": "RUN",
          "result": "COMPLETED",
          "timestamp": "2023-06-21T17:56:22Z",
          "time": "0.255s",
          "classname": "FileMatrixTester"
        },
        {
          "name": "assignmentOperatorCopying_expectedMatricesTheSame",
          "file": "\/tmp\/tmpfv1r2iav\/student\/zaj13FileMatrix\/unitTests\/FileMatrixTests.cpp",
          "line": 413,
          "status": "RUN",
          "result": "COMPLETED",
          "timestamp": "2023-06-21T17:56:23Z",
          "time": "0.342s",
          "classname": "FileMatrixTester"
        },
        {
          "name": "moveConstruction_expectedFileMovedButSourceObjectUsable",
          "file": "\/tmp\/tmpfv1r2iav\/student\/zaj13FileMatrix\/unitTests\/FileMatrixTests.cpp",
          "line": 459,
          "status": "RUN",
          "result": "COMPLETED",
          "timestamp": "2023-06-21T17:56:23Z",
          "time": "0.201s",
          "classname": "FileMatrixTester"
        },
        {
          "name": "assignmentOperatorMoving_expectedFileMovedButSourceObjectUsable",
          "file": "\/tmp\/tmpfv1r2iav\/student\/zaj13FileMatrix\/unitTests\/FileMatrixTests.cpp",
          "line": 510,
          "status": "RUN",
          "result": "COMPLETED",
          "timestamp": "2023-06-21T17:56:23Z",
          "time": "0.204s",
          "classname": "FileMatrixTester"
        },
        {
          "name": "containerHasBeginEndMethodsReturningIterator",
          "file": "\/tmp\/tmpfv1r2iav\/student\/zaj13FileMatrix\/unitTests\/FileMatrixTests.cpp",
          "line": 563,
          "status": "RUN",
          "result": "COMPLETED",
          "timestamp": "2023-06-21T17:56:23Z",
          "time": "0s",
          "classname": "FileMatrixTester"
        },
        {
          "name": "containerHasIteratowWorkingWithForLoop",
          "file": "\/tmp\/tmpfv1r2iav\/student\/zaj13FileMatrix\/unitTests\/FileMatrixTests.cpp",
          "line": 601,
          "status": "RUN",
          "result": "COMPLETED",
          "timestamp": "2023-06-21T17:56:23Z",
          "time": "0s",
          "classname": "FileMatrixTester"
        },
        {
          "name": "containerHasIteratowWorkingWithStl",
          "file": "\/tmp\/tmpfv1r2iav\/student\/zaj13FileMatrix\/unitTests\/FileMatrixTests.cpp",
          "line": 642,
          "status": "RUN",
          "result": "COMPLETED",
          "timestamp": "2023-06-21T17:56:23Z",
          "time": "0s",
          "classname": "FileMatrixTester"
        }
      ]
    }
  ]
}
