==164== Memcheck, a memory error detector
==164== Copyright (C) 2002-2017, and GNU GPL'd, by Julian Seward et al.
==164== Using Valgrind-3.18.1 and LibVEX; rerun with -h for copyright info
==164== Command: /tmp/tmpfv1r2iav/student/zaj13FileMatrix/build//bin/unit_tests
==164== 
Running main() from /tmp/tmpfv1r2iav/student/zaj13FileMatrix/unitTests/lib/googletest/src/gtest_main.cc
[==========] Running 15 tests from 1 test suite.
[----------] Global test environment set-up.
[----------] 15 tests from FileMatrixTester
[ RUN      ] FileMatrixTester.initialisationOfSingleElementMatrix_expectedFileCreated
[       OK ] FileMatrixTester.initialisationOfSingleElementMatrix_expectedFileCreated (76 ms)
[ RUN      ] FileMatrixTester.initialisationOfMatrixSingleColumnButMultipleRows_expectedFileWithProperSizeCreated
[       OK ] FileMatrixTester.initialisationOfMatrixSingleColumnButMultipleRows_expectedFileWithProperSizeCreated (9 ms)
[ RUN      ] FileMatrixTester.initialisationOfMatrixMultipleColumnAndSingleRow_expectedFileWithProperSizeCreated
[       OK ] FileMatrixTester.initialisationOfMatrixMultipleColumnAndSingleRow_expectedFileWithProperSizeCreated (9 ms)
[ RUN      ] FileMatrixTester.initialisationOfSquareMatrixMultipleColumnAndMultipleRows_expectedFileWithProperSizeCreated
[       OK ] FileMatrixTester.initialisationOfSquareMatrixMultipleColumnAndMultipleRows_expectedFileWithProperSizeCreated (19 ms)
[ RUN      ] FileMatrixTester.accesingMatrixDataWithTooGreatIndex_expectedThrowingOutOfRangeException
[       OK ] FileMatrixTester.accesingMatrixDataWithTooGreatIndex_expectedThrowingOutOfRangeException (44 ms)
[ RUN      ] FileMatrixTester.accesingMatrixElementsWithIndex_expectedSucessfullWriteAndRead
[       OK ] FileMatrixTester.accesingMatrixElementsWithIndex_expectedSucessfullWriteAndRead (46 ms)
[ RUN      ] FileMatrixTester.comparingOfMatrixesWithTheSameData_expectedComparationReturnsTrue
[       OK ] FileMatrixTester.comparingOfMatrixesWithTheSameData_expectedComparationReturnsTrue (49 ms)
[ RUN      ] FileMatrixTester.comparingDifferentMatrixesWithTheSameNumberOfRowsAndColumnsButDifferentData_expectedComparationReturnsFalse
[       OK ] FileMatrixTester.comparingDifferentMatrixesWithTheSameNumberOfRowsAndColumnsButDifferentData_expectedComparationReturnsFalse (24 ms)
[ RUN      ] FileMatrixTester.copyConstruction_expectedFileCopiedWithEqualBinaryData
[       OK ] FileMatrixTester.copyConstruction_expectedFileCopiedWithEqualBinaryData (3324 ms)
[ RUN      ] FileMatrixTester.assignmentOperatorCopying_expectedMatricesTheSame
[       OK ] FileMatrixTester.assignmentOperatorCopying_expectedMatricesTheSame (5316 ms)
[ RUN      ] FileMatrixTester.moveConstruction_expectedFileMovedButSourceObjectUsable
[       OK ] FileMatrixTester.moveConstruction_expectedFileMovedButSourceObjectUsable (3407 ms)
[ RUN      ] FileMatrixTester.assignmentOperatorMoving_expectedFileMovedButSourceObjectUsable
[       OK ] FileMatrixTester.assignmentOperatorMoving_expectedFileMovedButSourceObjectUsable (3870 ms)
[ RUN      ] FileMatrixTester.containerHasBeginEndMethodsReturningIterator
[       OK ] FileMatrixTester.containerHasBeginEndMethodsReturningIterator (9 ms)
[ RUN      ] FileMatrixTester.containerHasIteratowWorkingWithForLoop
[       OK ] FileMatrixTester.containerHasIteratowWorkingWithForLoop (12 ms)
[ RUN      ] FileMatrixTester.containerHasIteratowWorkingWithStl
[       OK ] FileMatrixTester.containerHasIteratowWorkingWithStl (14 ms)
[----------] 15 tests from FileMatrixTester (16247 ms total)

[----------] Global test environment tear-down
[==========] 15 tests from 1 test suite ran. (16297 ms total)
[  PASSED  ] 15 tests.
==164== 
==164== HEAP SUMMARY:
==164==     in use at exit: 0 bytes in 0 blocks
==164==   total heap usage: 451,483 allocs, 451,483 frees, 1,627,729,939 bytes allocated
==164== 
==164== All heap blocks were freed -- no leaks are possible
==164== 
==164== For lists of detected and suppressed errors, rerun with: -s
==164== ERROR SUMMARY: 0 errors from 0 contexts (suppressed: 0 from 0)
