[ 14%] Building CXX object tests/lib/googletest/CMakeFiles/gtest.dir/src/gtest-all.cc.o
[ 28%] Linking CXX static library ../../../lib/libgtest.a
[ 28%] Built target gtest
[ 42%] Building CXX object tests/lib/googletest/CMakeFiles/gtest_main.dir/src/gtest_main.cc.o
[ 57%] Linking CXX static library ../../../lib/libgtest_main.a
[ 57%] Built target gtest_main
[ 71%] Building CXX object tests/CMakeFiles/tests.dir/matrixTests.cpp.o
[ 85%] Building CXX object tests/CMakeFiles/tests.dir/__/matrix.cpp.o
/tmp/tmpkajd_i3y/student/zaj7Matrix/matrix.cpp:11:6: warning: #warning is a GCC extension
   11 |     #warning "Klasa jest do zaimplementowania. Instrukcja w pliku naglowkowym"
      |      ^~~~~~~
/tmp/tmpkajd_i3y/student/zaj7Matrix/matrix.cpp:11:6: warning: #warning "Klasa jest do zaimplementowania. Instrukcja w pliku naglowkowym" [-Wcpp]
/tmp/tmpkajd_i3y/student/zaj7Matrix/matrix.cpp: In member function ‘TwoDimensionMatrix& TwoDimensionMatrix::operator=(TwoDimensionMatrix)’:
/tmp/tmpkajd_i3y/student/zaj7Matrix/matrix.cpp:43:19: warning: comparison of integer expressions of different signedness: ‘int’ and ‘const size_t’ {aka ‘const long unsigned int’} [-Wsign-compare]
   43 |     for(int i=0; i<size_; i++) {
      |                  ~^~~~~~
/tmp/tmpkajd_i3y/student/zaj7Matrix/matrix.cpp:44:23: warning: comparison of integer expressions of different signedness: ‘int’ and ‘const size_t’ {aka ‘const long unsigned int’} [-Wsign-compare]
   44 |         for(int j=0; j<size_; j++) {
      |                      ~^~~~~~
/tmp/tmpkajd_i3y/student/zaj7Matrix/matrix.cpp: In function ‘std::istream& operator>>(std::istream&, TwoDimensionMatrix&)’:
/tmp/tmpkajd_i3y/student/zaj7Matrix/matrix.cpp:58:20: warning: comparison of integer expressions of different signedness: ‘int’ and ‘const size_t’ {aka ‘const long unsigned int’} [-Wsign-compare]
   58 |     for (int i=0; i<TwoDimensionMatrix::size_; i++) {
      |                   ~^~~~~~~~~~~~~~~~~~~~~~~~~~
/tmp/tmpkajd_i3y/student/zaj7Matrix/matrix.cpp:59:23: warning: comparison of integer expressions of different signedness: ‘int’ and ‘const size_t’ {aka ‘const long unsigned int’} [-Wsign-compare]
   59 |         for(int j=0; j<TwoDimensionMatrix::size_; j++) {
      |                      ~^~~~~~~~~~~~~~~~~~~~~~~~~~
/tmp/tmpkajd_i3y/student/zaj7Matrix/matrix.cpp: In function ‘TwoDimensionMatrix operator+(const TwoDimensionMatrix&, const TwoDimensionMatrix&)’:
/tmp/tmpkajd_i3y/student/zaj7Matrix/matrix.cpp:68:20: warning: comparison of integer expressions of different signedness: ‘int’ and ‘const size_t’ {aka ‘const long unsigned int’} [-Wsign-compare]
   68 |     for (int i=0; i<TwoDimensionMatrix::size_; i++) {
      |                   ~^~~~~~~~~~~~~~~~~~~~~~~~~~
/tmp/tmpkajd_i3y/student/zaj7Matrix/matrix.cpp:69:23: warning: comparison of integer expressions of different signedness: ‘int’ and ‘const size_t’ {aka ‘const long unsigned int’} [-Wsign-compare]
   69 |         for(int j=0; j<TwoDimensionMatrix::size_; j++) {
      |                      ~^~~~~~~~~~~~~~~~~~~~~~~~~~
/tmp/tmpkajd_i3y/student/zaj7Matrix/matrix.cpp:73:12: warning: implicitly-declared ‘constexpr TwoDimensionMatrix::TwoDimensionMatrix(const TwoDimensionMatrix&)’ is deprecated [-Wdeprecated-copy]
   73 |     return resultMatrix;
      |            ^~~~~~~~~~~~
/tmp/tmpkajd_i3y/student/zaj7Matrix/matrix.cpp:42:21: note: because ‘TwoDimensionMatrix’ has user-provided ‘TwoDimensionMatrix& TwoDimensionMatrix::operator=(TwoDimensionMatrix)’
   42 | TwoDimensionMatrix& TwoDimensionMatrix::operator=(const TwoDimensionMatrix matrix) {
      |                     ^~~~~~~~~~~~~~~~~~
/tmp/tmpkajd_i3y/student/zaj7Matrix/matrix.cpp: In member function ‘TwoDimensionMatrix TwoDimensionMatrix::operator&&(const TwoDimensionMatrix&) const’:
/tmp/tmpkajd_i3y/student/zaj7Matrix/matrix.cpp:78:20: warning: comparison of integer expressions of different signedness: ‘int’ and ‘const size_t’ {aka ‘const long unsigned int’} [-Wsign-compare]
   78 |     for (int i=0; i<TwoDimensionMatrix::size_; i++) {
      |                   ~^~~~~~~~~~~~~~~~~~~~~~~~~~
/tmp/tmpkajd_i3y/student/zaj7Matrix/matrix.cpp:79:27: warning: comparison of integer expressions of different signedness: ‘int’ and ‘const size_t’ {aka ‘const long unsigned int’} [-Wsign-compare]
   79 |         for (int j = 0; j < TwoDimensionMatrix::size_; j++) {
      |                         ~~^~~~~~~~~~~~~~~~~~~~~~~~~~~
/tmp/tmpkajd_i3y/student/zaj7Matrix/matrix.cpp:83:12: warning: implicitly-declared ‘constexpr TwoDimensionMatrix::TwoDimensionMatrix(const TwoDimensionMatrix&)’ is deprecated [-Wdeprecated-copy]
   83 |     return resultMatrix;
      |            ^~~~~~~~~~~~
/tmp/tmpkajd_i3y/student/zaj7Matrix/matrix.cpp:42:21: note: because ‘TwoDimensionMatrix’ has user-provided ‘TwoDimensionMatrix& TwoDimensionMatrix::operator=(TwoDimensionMatrix)’
   42 | TwoDimensionMatrix& TwoDimensionMatrix::operator=(const TwoDimensionMatrix matrix) {
      |                     ^~~~~~~~~~~~~~~~~~
/tmp/tmpkajd_i3y/student/zaj7Matrix/matrix.cpp: In member function ‘TwoDimensionMatrix& TwoDimensionMatrix::operator*=(MatrixElement)’:
/tmp/tmpkajd_i3y/student/zaj7Matrix/matrix.cpp:87:23: warning: comparison of integer expressions of different signedness: ‘int’ and ‘const size_t’ {aka ‘const long unsigned int’} [-Wsign-compare]
   87 |     for (int i = 0; i < TwoDimensionMatrix::size_; i++) {
      |                     ~~^~~~~~~~~~~~~~~~~~~~~~~~~~~
/tmp/tmpkajd_i3y/student/zaj7Matrix/matrix.cpp:88:27: warning: comparison of integer expressions of different signedness: ‘int’ and ‘const size_t’ {aka ‘const long unsigned int’} [-Wsign-compare]
   88 |         for (int j = 0; j < TwoDimensionMatrix::size_; j++) {
      |                         ~~^~~~~~~~~~~~~~~~~~~~~~~~~~~
/tmp/tmpkajd_i3y/student/zaj7Matrix/tests/matrixTests.cpp: In member function ‘virtual void MatrixTester_constructionMatrixFromAnotherMatrix_expectedAllElementsCopied_Test::TestBody()’:
/tmp/tmpkajd_i3y/student/zaj7Matrix/tests/matrixTests.cpp:77:28: warning: implicitly-declared ‘constexpr TwoDimensionMatrix::TwoDimensionMatrix(const TwoDimensionMatrix&)’ is deprecated [-Wdeprecated-copy]
   77 |     TwoDimensionMatrix m2(m);
      |                            ^
In file included from /tmp/tmpkajd_i3y/student/zaj7Matrix/tests/matrixTests.cpp:8:
/tmp/tmpkajd_i3y/student/zaj7Matrix/tests/../matrix.h:96:25: note: because ‘TwoDimensionMatrix’ has user-provided ‘TwoDimensionMatrix& TwoDimensionMatrix::operator=(TwoDimensionMatrix)’
   96 |     TwoDimensionMatrix& operator=(TwoDimensionMatrix);
      |                         ^~~~~~~~
/tmp/tmpkajd_i3y/student/zaj7Matrix/tests/matrixTests.cpp: In member function ‘virtual void MatrixTester_assignmentOperatorCopyingDeeply_expectedAllElementsCopied_Test::TestBody()’:
/tmp/tmpkajd_i3y/student/zaj7Matrix/tests/matrixTests.cpp:100:18: warning: implicitly-declared ‘constexpr TwoDimensionMatrix::TwoDimensionMatrix(const TwoDimensionMatrix&)’ is deprecated [-Wdeprecated-copy]
  100 |     matrixCopy = matrix;
      |                  ^~~~~~
In file included from /tmp/tmpkajd_i3y/student/zaj7Matrix/tests/matrixTests.cpp:8:
/tmp/tmpkajd_i3y/student/zaj7Matrix/tests/../matrix.h:96:25: note: because ‘TwoDimensionMatrix’ has user-provided ‘TwoDimensionMatrix& TwoDimensionMatrix::operator=(TwoDimensionMatrix)’
   96 |     TwoDimensionMatrix& operator=(TwoDimensionMatrix);
      |                         ^~~~~~~~
/tmp/tmpkajd_i3y/student/zaj7Matrix/tests/../matrix.h:96:35: note:   initializing argument 1 of ‘TwoDimensionMatrix& TwoDimensionMatrix::operator=(TwoDimensionMatrix)’
   96 |     TwoDimensionMatrix& operator=(TwoDimensionMatrix);
      |                                   ^~~~~~~~~~~~~~~~~~
/tmp/tmpkajd_i3y/student/zaj7Matrix/tests/matrixTests.cpp: In member function ‘virtual void MatrixTester_assignmentOperatorCopyingFromItselve_expectedNotCrash_Test::TestBody()’:
/tmp/tmpkajd_i3y/student/zaj7Matrix/tests/matrixTests.cpp:123:14: warning: implicitly-declared ‘constexpr TwoDimensionMatrix::TwoDimensionMatrix(const TwoDimensionMatrix&)’ is deprecated [-Wdeprecated-copy]
  123 |     matrix = matrixRef;
      |              ^~~~~~~~~
In file included from /tmp/tmpkajd_i3y/student/zaj7Matrix/tests/matrixTests.cpp:8:
/tmp/tmpkajd_i3y/student/zaj7Matrix/tests/../matrix.h:96:25: note: because ‘TwoDimensionMatrix’ has user-provided ‘TwoDimensionMatrix& TwoDimensionMatrix::operator=(TwoDimensionMatrix)’
   96 |     TwoDimensionMatrix& operator=(TwoDimensionMatrix);
      |                         ^~~~~~~~
/tmp/tmpkajd_i3y/student/zaj7Matrix/tests/../matrix.h:96:35: note:   initializing argument 1 of ‘TwoDimensionMatrix& TwoDimensionMatrix::operator=(TwoDimensionMatrix)’
   96 |     TwoDimensionMatrix& operator=(TwoDimensionMatrix);
      |                                   ^~~~~~~~~~~~~~~~~~
/tmp/tmpkajd_i3y/student/zaj7Matrix/tests/matrixTests.cpp: In member function ‘virtual void MatrixTester_checkingOstreamOperator_expectedAllElementsInStream_Test::TestBody()’:
/tmp/tmpkajd_i3y/student/zaj7Matrix/tests/matrixTests.cpp:147:15: warning: implicitly-declared ‘constexpr TwoDimensionMatrix::TwoDimensionMatrix(const TwoDimensionMatrix&)’ is deprecated [-Wdeprecated-copy]
  147 |     stream << m << endl;
      |               ^
In file included from /tmp/tmpkajd_i3y/student/zaj7Matrix/tests/matrixTests.cpp:8:
/tmp/tmpkajd_i3y/student/zaj7Matrix/tests/../matrix.h:96:25: note: because ‘TwoDimensionMatrix’ has user-provided ‘TwoDimensionMatrix& TwoDimensionMatrix::operator=(TwoDimensionMatrix)’
   96 |     TwoDimensionMatrix& operator=(TwoDimensionMatrix);
      |                         ^~~~~~~~
/tmp/tmpkajd_i3y/student/zaj7Matrix/tests/../matrix.h:99:55: note:   initializing argument 2 of ‘std::ostream& operator<<(std::ostream&, TwoDimensionMatrix)’
   99 |     friend std::ostream& operator<<(std::ostream &os, TwoDimensionMatrix);
      |                                                       ^~~~~~~~~~~~~~~~~~
[100%] Linking CXX executable ../bin/tests
[100%] Built target tests
