/tmp/tmpcuv0is9t/student/lab3inheritance/position.h:10:5: warning: Struct 'Position' has a constructor with 1 argument that is not explicit. [noExplicitConstructor]
    Position(unsigned x={}, unsigned y={}): x_(x), y_(y)
    ^
/tmp/tmpcuv0is9t/student/lab3inheritance/enemy.cpp:12:0: warning: The function 'lifePercent' is never used. [unusedFunction]
float Enemy::lifePercent() const {
^
/tmp/tmpcuv0is9t/student/lab3inheritance/enemy.cpp:16:0: warning: The function 'decreaseLife' is never used. [unusedFunction]
void Enemy::decreaseLife(int damage) {
^
/tmp/tmpcuv0is9t/student/lab3inheritance/engine.cpp:10:0: warning: The function 'signum' is never used. [unusedFunction]
inline auto signum(int x)
^
/tmp/tmpcuv0is9t/student/lab3inheritance/engine.cpp:58:0: warning: The function 'update' is never used. [unusedFunction]
void Engine::update()
^
/tmp/tmpcuv0is9t/student/lab3inheritance/engine.cpp:75:0: warning: The function 'movePlayerUp' is never used. [unusedFunction]
void Engine::movePlayerUp()
^
/tmp/tmpcuv0is9t/student/lab3inheritance/engine.cpp:81:0: warning: The function 'movePlayerDown' is never used. [unusedFunction]
void Engine::movePlayerDown()
^
/tmp/tmpcuv0is9t/student/lab3inheritance/engine.cpp:87:0: warning: The function 'movePlayerLeft' is never used. [unusedFunction]
void Engine::movePlayerLeft()
^
/tmp/tmpcuv0is9t/student/lab3inheritance/engine.cpp:92:0: warning: The function 'movePlayerRight' is never used. [unusedFunction]
void Engine::movePlayerRight()
^
/tmp/tmpcuv0is9t/student/lab3inheritance/engine.cpp:98:0: warning: The function 'playerShoots' is never used. [unusedFunction]
void Engine::playerShoots()
^
/tmp/tmpcuv0is9t/student/lab3inheritance/engine.cpp:106:0: warning: The function 'playerPosition' is never used. [unusedFunction]
Position Engine::playerPosition() const
^
/tmp/tmpcuv0is9t/student/lab3inheritance/engine.cpp:112:0: warning: The function 'playerDirection' is never used. [unusedFunction]
Direction Engine::playerDirection() const
^
/tmp/tmpcuv0is9t/student/lab3inheritance/engine.cpp:118:0: warning: The function 'isPlayerAlieve' is never used. [unusedFunction]
bool Engine::isPlayerAlieve() const
^
/tmp/tmpcuv0is9t/student/lab3inheritance/object.cpp:3:0: warning: The function 'type' is never used. [unusedFunction]
ObjectType Object::type() const{
^
/tmp/tmpcuv0is9t/student/lab3inheritance/object.cpp:11:0: warning: The function 'setPosition' is never used. [unusedFunction]
void Object::setPosition(Position new_pos) {
^
/tmp/tmpcuv0is9t/student/lab3inheritance/stage.cpp:10:0: warning: The function 'get' is never used. [unusedFunction]
std::shared_ptr<Object> Stage::get(Position position)
^
/tmp/tmpcuv0is9t/student/lab3inheritance/stage.cpp:16:0: warning: The function 'set' is never used. [unusedFunction]
void Stage::set(std::shared_ptr<Object> object, Position position)
^
/tmp/tmpcuv0is9t/student/lab3inheritance/stage.cpp:22:0: warning: The function 'isInside' is never used. [unusedFunction]
bool Stage::isInside(Position position) const
^
