{
  "tests": 20,
  "failures": 0,
  "disabled": 0,
  "errors": 0,
  "timestamp": "2023-06-10T14:09:30Z",
  "time": "0.369s",
  "name": "AllTests",
  "testsuites": [
    {
      "name": "PtrCStringVectorTester",
      "tests": 20,
      "failures": 0,
      "disabled": 0,
      "errors": 0,
      "timestamp": "2023-06-10T14:09:30Z",
      "time": "0.369s",
      "testsuite": [
        {
          "name": "defaultConstructor_sizeOfEmptyContainerIsZero",
          "file": "\/tmp\/tmpmokdg2j6\/student\/zaj11PtrCStringVector\/unitTests\/PtrCStringVectorTests.cpp",
          "line": 32,
          "status": "RUN",
          "result": "COMPLETED",
          "timestamp": "2023-06-10T14:09:30Z",
          "time": "0s",
          "classname": "PtrCStringVectorTester"
        },
        {
          "name": "pushBack_sizeOfContainerIncreaseAfterCallingPushBack",
          "file": "\/tmp\/tmpmokdg2j6\/student\/zaj11PtrCStringVector\/unitTests\/PtrCStringVectorTests.cpp",
          "line": 40,
          "status": "RUN",
          "result": "COMPLETED",
          "timestamp": "2023-06-10T14:09:30Z",
          "time": "0s",
          "classname": "PtrCStringVectorTester"
        },
        {
          "name": "arrayIndexingOperator_testsInTheSamePositionsAsPushed",
          "file": "\/tmp\/tmpmokdg2j6\/student\/zaj11PtrCStringVector\/unitTests\/PtrCStringVectorTests.cpp",
          "line": 61,
          "status": "RUN",
          "result": "COMPLETED",
          "timestamp": "2023-06-10T14:09:30Z",
          "time": "0s",
          "classname": "PtrCStringVectorTester"
        },
        {
          "name": "arrayIndexingOperator_throwingExceptionWhenOutOfRange",
          "file": "\/tmp\/tmpmokdg2j6\/student\/zaj11PtrCStringVector\/unitTests\/PtrCStringVectorTests.cpp",
          "line": 87,
          "status": "RUN",
          "result": "COMPLETED",
          "timestamp": "2023-06-10T14:09:30Z",
          "time": "0s",
          "classname": "PtrCStringVectorTester"
        },
        {
          "name": "copyConstructor_textsDeeplyCopied",
          "file": "\/tmp\/tmpmokdg2j6\/student\/zaj11PtrCStringVector\/unitTests\/PtrCStringVectorTests.cpp",
          "line": 104,
          "status": "RUN",
          "result": "COMPLETED",
          "timestamp": "2023-06-10T14:09:30Z",
          "time": "0s",
          "classname": "PtrCStringVectorTester"
        },
        {
          "name": "assignmentOperator_copyingContainerDeeply",
          "file": "\/tmp\/tmpmokdg2j6\/student\/zaj11PtrCStringVector\/unitTests\/PtrCStringVectorTests.cpp",
          "line": 141,
          "status": "RUN",
          "result": "COMPLETED",
          "timestamp": "2023-06-10T14:09:30Z",
          "time": "0s",
          "classname": "PtrCStringVectorTester"
        },
        {
          "name": "assignmentOperator_assignmentCascadeAtOnceExpectingDeepCopyMultipleTimesEvenWithItselve",
          "file": "\/tmp\/tmpmokdg2j6\/student\/zaj11PtrCStringVector\/unitTests\/PtrCStringVectorTests.cpp",
          "line": 180,
          "status": "RUN",
          "result": "COMPLETED",
          "timestamp": "2023-06-10T14:09:30Z",
          "time": "0s",
          "classname": "PtrCStringVectorTester"
        },
        {
          "name": "assignmentOperator_movingTextFromAnotherContainer",
          "file": "\/tmp\/tmpmokdg2j6\/student\/zaj11PtrCStringVector\/unitTests\/PtrCStringVectorTests.cpp",
          "line": 211,
          "status": "RUN",
          "result": "COMPLETED",
          "timestamp": "2023-06-10T14:09:30Z",
          "time": "0s",
          "classname": "PtrCStringVectorTester"
        },
        {
          "name": "addOperator_expectReturningContainerContainingAllElementsFromAddedContainers",
          "file": "\/tmp\/tmpmokdg2j6\/student\/zaj11PtrCStringVector\/unitTests\/PtrCStringVectorTests.cpp",
          "line": 247,
          "status": "RUN",
          "result": "COMPLETED",
          "timestamp": "2023-06-10T14:09:30Z",
          "time": "0s",
          "classname": "PtrCStringVectorTester"
        },
        {
          "name": "bitAndOperator_expectReturningContainerContainingMergedTextsFromCorrespondingPositionsAddedContainers",
          "file": "\/tmp\/tmpmokdg2j6\/student\/zaj11PtrCStringVector\/unitTests\/PtrCStringVectorTests.cpp",
          "line": 295,
          "status": "RUN",
          "result": "COMPLETED",
          "timestamp": "2023-06-10T14:09:30Z",
          "time": "0s",
          "classname": "PtrCStringVectorTester"
        },
        {
          "name": "antytest1",
          "file": "\/tmp\/tmpmokdg2j6\/student\/zaj11PtrCStringVector\/unitTests\/PtrCStringVectorTests.cpp",
          "line": 346,
          "status": "RUN",
          "result": "COMPLETED",
          "timestamp": "2023-06-10T14:09:30Z",
          "time": "0.021s",
          "classname": "PtrCStringVectorTester"
        },
        {
          "name": "antytest2",
          "file": "\/tmp\/tmpmokdg2j6\/student\/zaj11PtrCStringVector\/unitTests\/PtrCStringVectorTests.cpp",
          "line": 357,
          "status": "RUN",
          "result": "COMPLETED",
          "timestamp": "2023-06-10T14:09:30Z",
          "time": "0.021s",
          "classname": "PtrCStringVectorTester"
        },
        {
          "name": "antytest3",
          "file": "\/tmp\/tmpmokdg2j6\/student\/zaj11PtrCStringVector\/unitTests\/PtrCStringVectorTests.cpp",
          "line": 375,
          "status": "RUN",
          "result": "COMPLETED",
          "timestamp": "2023-06-10T14:09:30Z",
          "time": "0.063s",
          "classname": "PtrCStringVectorTester"
        },
        {
          "name": "antytest4",
          "file": "\/tmp\/tmpmokdg2j6\/student\/zaj11PtrCStringVector\/unitTests\/PtrCStringVectorTests.cpp",
          "line": 394,
          "status": "RUN",
          "result": "COMPLETED",
          "timestamp": "2023-06-10T14:09:31Z",
          "time": "0.006s",
          "classname": "PtrCStringVectorTester"
        },
        {
          "name": "antytest5",
          "file": "\/tmp\/tmpmokdg2j6\/student\/zaj11PtrCStringVector\/unitTests\/PtrCStringVectorTests.cpp",
          "line": 408,
          "status": "RUN",
          "result": "COMPLETED",
          "timestamp": "2023-06-10T14:09:31Z",
          "time": "0s",
          "classname": "PtrCStringVectorTester"
        },
        {
          "name": "antytest6",
          "file": "\/tmp\/tmpmokdg2j6\/student\/zaj11PtrCStringVector\/unitTests\/PtrCStringVectorTests.cpp",
          "line": 419,
          "status": "RUN",
          "result": "COMPLETED",
          "timestamp": "2023-06-10T14:09:31Z",
          "time": "0s",
          "classname": "PtrCStringVectorTester"
        },
        {
          "name": "antytest7",
          "file": "\/tmp\/tmpmokdg2j6\/student\/zaj11PtrCStringVector\/unitTests\/PtrCStringVectorTests.cpp",
          "line": 433,
          "status": "RUN",
          "result": "COMPLETED",
          "timestamp": "2023-06-10T14:09:31Z",
          "time": "0.034s",
          "classname": "PtrCStringVectorTester"
        },
        {
          "name": "antytest8",
          "file": "\/tmp\/tmpmokdg2j6\/student\/zaj11PtrCStringVector\/unitTests\/PtrCStringVectorTests.cpp",
          "line": 449,
          "status": "RUN",
          "result": "COMPLETED",
          "timestamp": "2023-06-10T14:09:31Z",
          "time": "0.079s",
          "classname": "PtrCStringVectorTester"
        },
        {
          "name": "antytest9",
          "file": "\/tmp\/tmpmokdg2j6\/student\/zaj11PtrCStringVector\/unitTests\/PtrCStringVectorTests.cpp",
          "line": 464,
          "status": "RUN",
          "result": "COMPLETED",
          "timestamp": "2023-06-10T14:09:31Z",
          "time": "0.072s",
          "classname": "PtrCStringVectorTester"
        },
        {
          "name": "antytest10",
          "file": "\/tmp\/tmpmokdg2j6\/student\/zaj11PtrCStringVector\/unitTests\/PtrCStringVectorTests.cpp",
          "line": 480,
          "status": "RUN",
          "result": "COMPLETED",
          "timestamp": "2023-06-10T14:09:31Z",
          "time": "0.068s",
          "classname": "PtrCStringVectorTester"
        }
      ]
    }
  ]
}
